<?xml version="1.0" encoding="UTF-8"?>
<!-- Generated by org.testng.reporters.JUnitReportReporter -->
<testsuite hostname="VG" failures="0" tests="1" name="com.entrata.testCases.TC_002_Resourses" time="1.311" errors="0" timestamp="2024-02-28T09:11:00 IST" skipped="0">
  <testcase classname="com.entrata.testCases.TC_002_Resourses" name="ReadResources" time="1.311"/>
  <system-out/>
</testsuite> <!-- com.entrata.testCases.TC_002_Resourses -->
