<?xml version="1.0" encoding="UTF-8"?>
<!-- Generated by org.testng.reporters.JUnitReportReporter -->
<testsuite hostname="VG" failures="0" tests="1" name="com.entrata.testCases.TC_003_Accounting" time="9.261" errors="0" timestamp="2024-02-28T11:12:55 IST" skipped="0">
  <testcase classname="com.entrata.testCases.TC_003_Accounting" name="Accounting" time="9.261"/>
  <system-out/>
</testsuite> <!-- com.entrata.testCases.TC_003_Accounting -->
