<?xml version="1.0" encoding="UTF-8"?>
<!-- Generated by org.testng.reporters.JUnitReportReporter -->
<testsuite hostname="VG" failures="0" tests="1" name="com.entrata.testCases.TC_002_Resourses" time="6.339" errors="0" timestamp="2024-02-06T22:30:50 IST" skipped="0">
  <testcase classname="com.entrata.testCases.TC_002_Resourses" name="ReadResources" time="6.339"/>
  <system-out/>
</testsuite> <!-- com.entrata.testCases.TC_002_Resourses -->
