<?xml version="1.0" encoding="UTF-8"?>
<!-- Generated by org.testng.reporters.JUnitReportReporter -->
<testsuite hostname="VG" failures="0" tests="1" name="com.entrata.testCases.TC_004_VerifyTitleOfPage" time="0.173" errors="0" timestamp="2024-02-28T11:12:55 IST" skipped="0">
  <testcase classname="com.entrata.testCases.TC_004_VerifyTitleOfPage" name="verifyTitle" time="0.173"/>
  <system-out/>
</testsuite> <!-- com.entrata.testCases.TC_004_VerifyTitleOfPage -->
