<?xml version="1.0" encoding="UTF-8"?>
<!-- Generated by org.testng.reporters.JUnitReportReporter -->
<testsuite hostname="VG" failures="0" tests="1" name="com.entrata.testCases.TC_003_Accounting" time="33.526" errors="0" timestamp="2024-02-06T22:30:50 IST" skipped="0">
  <testcase classname="com.entrata.testCases.TC_003_Accounting" name="Accounting" time="33.526"/>
  <system-out/>
</testsuite> <!-- com.entrata.testCases.TC_003_Accounting -->
