<?xml version="1.0" encoding="UTF-8"?>
<!-- Generated by org.testng.reporters.JUnitReportReporter -->
<testsuite hostname="VG" failures="0" tests="1" name="com.entrata.testCases.TC_003_Accounting" time="13.269" errors="0" timestamp="2024-02-08T23:34:33 IST" skipped="0">
  <testcase classname="com.entrata.testCases.TC_003_Accounting" name="Accounting" time="13.269"/>
  <system-out/>
</testsuite> <!-- com.entrata.testCases.TC_003_Accounting -->
