<?xml version="1.0" encoding="UTF-8"?>
<!-- Generated by org.testng.reporters.JUnitReportReporter -->
<testsuite hostname="VG" failures="0" tests="1" name="com.entrata.testCases.TC_001_ContactUs" time="29.515" errors="0" timestamp="2024-02-06T23:05:30 IST" skipped="0">
  <testcase classname="com.entrata.testCases.TC_001_ContactUs" name="contactDetails" time="29.515"/>
  <system-out/>
</testsuite> <!-- com.entrata.testCases.TC_001_ContactUs -->
